<?xml version="1.0" encoding="UTF-8"?>
<testng-results ignored="0" total="1" passed="1" failed="0" skipped="0">
  <reporter-output>
  </reporter-output>
  <suite started-at="2025-03-22T10:26:29 IST" name="Surefire suite" finished-at="2025-03-22T10:27:19 IST" duration-ms="50064">
    <groups>
    </groups>
    <test started-at="2025-03-22T10:26:29 IST" name="Surefire test" finished-at="2025-03-22T10:27:19 IST" duration-ms="50064">
      <class name="com.example.AppTest">
        <test-method is-config="true" signature="setUp()[pri:0, instance:com.example.AppTest@780cb77]" started-at="2025-03-22T10:26:29 IST" name="setUp" finished-at="2025-03-22T10:26:48 IST" duration-ms="18743" status="PASS">
          <reporter-output>
          </reporter-output>
        </test-method> <!-- setUp -->
        <test-method signature="testGoogleSearchAutomation()[pri:0, instance:com.example.AppTest@780cb77]" started-at="2025-03-22T10:26:48 IST" name="testGoogleSearchAutomation" finished-at="2025-03-22T10:27:18 IST" duration-ms="30197" status="PASS">
          <reporter-output>
          </reporter-output>
        </test-method> <!-- testGoogleSearchAutomation -->
        <test-method is-config="true" signature="tearDown()[pri:0, instance:com.example.AppTest@780cb77]" started-at="2025-03-22T10:27:18 IST" name="tearDown" finished-at="2025-03-22T10:27:19 IST" duration-ms="1021" status="PASS">
          <reporter-output>
          </reporter-output>
        </test-method> <!-- tearDown -->
      </class> <!-- com.example.AppTest -->
    </test> <!-- Surefire test -->
  </suite> <!-- Surefire suite -->
</testng-results>
